<?xml version="1.0" encoding="UTF-8"?>
<testng-results skipped="0" failed="0" total="1" passed="1">
  <reporter-output>
  </reporter-output>
  <suite name="Default suite" duration-ms="31613" started-at="2019-10-03T13:03:12Z" finished-at="2019-10-03T13:03:43Z">
    <groups>
    </groups>
    <test name="Default test" duration-ms="31613" started-at="2019-10-03T13:03:12Z" finished-at="2019-10-03T13:03:43Z">
      <class name="com.login_pageTest.LoginPageTest">
        <test-method status="PASS" signature="setup()[pri:0, instance:com.login_pageTest.LoginPageTest@5c7fa833]" name="setup" is-config="true" duration-ms="28072" started-at="2019-10-03T18:33:12Z" finished-at="2019-10-03T18:33:40Z">
          <reporter-output>
          </reporter-output>
        </test-method> <!-- setup -->
        <test-method status="PASS" signature="loginTest()[pri:0, instance:com.login_pageTest.LoginPageTest@5c7fa833]" name="loginTest" duration-ms="1221" started-at="2019-10-03T18:33:40Z" finished-at="2019-10-03T18:33:41Z">
          <reporter-output>
          </reporter-output>
        </test-method> <!-- loginTest -->
        <test-method status="PASS" signature="testreport(org.testng.ITestResult)[pri:0, instance:com.login_pageTest.LoginPageTest@5c7fa833]" name="testreport" is-config="true" duration-ms="10" started-at="2019-10-03T18:33:41Z" finished-at="2019-10-03T18:33:41Z">
          <params>
            <param index="0">
              <value>
                <![CDATA[[TestResult name=loginTest status=SUCCESS method=LoginPageTest.loginTest()[pri:0, instance:com.login_pageTest.LoginPageTest@5c7fa833] output={null}]]]>
              </value>
            </param>
          </params>
          <reporter-output>
          </reporter-output>
        </test-method> <!-- testreport -->
        <test-method status="PASS" signature="tearDown()[pri:0, instance:com.login_pageTest.LoginPageTest@5c7fa833]" name="tearDown" is-config="true" duration-ms="2260" started-at="2019-10-03T18:33:41Z" finished-at="2019-10-03T18:33:43Z">
          <reporter-output>
          </reporter-output>
        </test-method> <!-- tearDown -->
      </class> <!-- com.login_pageTest.LoginPageTest -->
    </test> <!-- Default test -->
  </suite> <!-- Default suite -->
</testng-results>
